<?xml version="1.0" encoding="utf-8" standalone="no"?>
<!--This file represents the results of running a test suite-->
<test-results name="C:\Users\upendra\Downloads\FirstIslandBankCorporation\FirstIslandBankCorporation.UnitTests\bin\Debug\FirstIslandBankCorporation.UnitTests.dll" total="3" errors="0" failures="0" not-run="0" inconclusive="0" ignored="0" skipped="0" invalid="0" date="2017-04-25" time="02:57:28">
  <environment nunit-version="2.6.3.13283" clr-version="2.0.50727.8670" os-version="Microsoft Windows NT 6.2.9200.0" platform="Win32NT" cwd="C:\Program Files (x86)\NUnit 2.6.3\bin" machine-name="WIN8PRO-64-45" user="upendra" user-domain="MONOCEPT" />
  <culture-info current-culture="en-US" current-uiculture="en-US" />
  <test-suite type="Assembly" name="C:\Users\upendra\Downloads\FirstIslandBankCorporation\FirstIslandBankCorporation.UnitTests\bin\Debug\FirstIslandBankCorporation.UnitTests.dll" executed="True" result="Success" success="True" time="1.028" asserts="0">
    <results>
      <test-suite type="Namespace" name="FirstIslandBankCorporation" executed="True" result="Success" success="True" time="1.013" asserts="0">
        <results>
          <test-suite type="Namespace" name="UnitTests" executed="True" result="Success" success="True" time="1.012" asserts="0">
            <results>
              <test-suite type="TestFixture" name="MiniStatement" executed="True" result="Success" success="True" time="1.010" asserts="0">
                <results>
                  <test-case name="FirstIslandBankCorporation.UnitTests.MiniStatement.Accounts" executed="True" result="Success" success="True" time="0.679" asserts="0" />
                  <test-case name="FirstIslandBankCorporation.UnitTests.MiniStatement.Login" executed="True" result="Success" success="True" time="0.096" asserts="0" />
                  <test-case name="FirstIslandBankCorporation.UnitTests.MiniStatement.Transactions" executed="True" result="Success" success="True" time="0.216" asserts="0" />
                </results>
              </test-suite>
            </results>
          </test-suite>
        </results>
      </test-suite>
    </results>
  </test-suite>
</test-results>